0 info it worked if it ends with ok
1 verbose cli [ '/home/sancoder/.nvm/v0.11.14/bin/node',
1 verbose cli   '/home/sancoder/.nvm/v0.11.14/bin/npm',
1 verbose cli   'install',
1 verbose cli   '-g',
1 verbose cli   'should' ]
2 info using npm@2.0.0
3 info using node@v0.11.14
4 verbose cache add [ 'should', null ]
5 verbose cache add spec="should" args=["should",null]
6 verbose parsed spec { raw: 'should',
6 verbose parsed spec   scope: null,
6 verbose parsed spec   name: 'should',
6 verbose parsed spec   rawSpec: '',
6 verbose parsed spec   spec: '*',
6 verbose parsed spec   type: 'range' }
7 verbose parsed spec { raw: 'should',
7 verbose parsed spec   scope: null,
7 verbose parsed spec   name: 'should',
7 verbose parsed spec   rawSpec: '',
7 verbose parsed spec   spec: '*',
7 verbose parsed spec   type: 'range' }
8 verbose addNamed [ 'should', '*' ]
9 verbose addNamed [ null, '*' ]
10 silly lockFile 987f4939-should should@*
11 verbose lock should@* /home/sancoder/.npm/987f4939-should.lock
12 silly addNameRange { name: 'should', range: '*', hasData: false }
13 verbose mapToRegistry name should
14 verbose mapToRegistry uri https://registry.npmjs.org/should
15 verbose request on initialization, where is /should
16 verbose request after pass 1, where is /should
17 verbose request url raw /should
18 verbose request resolving registry [ 'https://registry.npmjs.org/', './should' ]
19 verbose request after pass 2, where is https://registry.npmjs.org/should
20 verbose request no auth needed
21 info attempt registry request try #1 at 23:15:18
22 verbose request id 8f7b4abd92aa091b
23 http request GET https://registry.npmjs.org/should
24 http 200 https://registry.npmjs.org/should
25 silly registry.get cb [ 200,
25 silly registry.get   { date: 'Sun, 09 Nov 2014 15:15:20 GMT',
25 silly registry.get     server: 'CouchDB/1.5.0 (Erlang OTP/R14B04)',
25 silly registry.get     etag: '"CE94CZMQJ0ORQ36EVZKWPWAZS"',
25 silly registry.get     'content-type': 'application/json',
25 silly registry.get     'cache-control': 'max-age=60',
25 silly registry.get     'content-length': '75043',
25 silly registry.get     'accept-ranges': 'bytes',
25 silly registry.get     via: '1.1 varnish',
25 silly registry.get     age: '0',
25 silly registry.get     'x-served-by': 'cache-ty66-TYO',
25 silly registry.get     'x-cache': 'HIT',
25 silly registry.get     'x-cache-hits': '1',
25 silly registry.get     'x-timer': 'S1415546119.643501,VS0,VE752',
25 silly registry.get     vary: 'Accept',
25 silly registry.get     connection: 'close' } ]
26 silly addNameRange number 2 { name: 'should', range: '*', hasData: true }
27 silly addNameRange versions [ 'should',
27 silly addNameRange   [ '0.0.1',
27 silly addNameRange     '0.0.2',
27 silly addNameRange     '0.0.3',
27 silly addNameRange     '0.0.4',
27 silly addNameRange     '0.1.0',
27 silly addNameRange     '0.2.0',
27 silly addNameRange     '0.2.1',
27 silly addNameRange     '0.3.0',
27 silly addNameRange     '0.3.1',
27 silly addNameRange     '0.3.2',
27 silly addNameRange     '0.4.0',
27 silly addNameRange     '0.4.1',
27 silly addNameRange     '0.4.2',
27 silly addNameRange     '0.5.0',
27 silly addNameRange     '0.5.1',
27 silly addNameRange     '0.6.0',
27 silly addNameRange     '0.6.1',
27 silly addNameRange     '0.6.2',
27 silly addNameRange     '0.6.3',
27 silly addNameRange     '1.0.0',
27 silly addNameRange     '1.1.0',
27 silly addNameRange     '1.1.1',
27 silly addNameRange     '1.2.0',
27 silly addNameRange     '1.2.1',
27 silly addNameRange     '1.2.2',
27 silly addNameRange     '1.3.0',
27 silly addNameRange     '2.0.0',
27 silly addNameRange     '2.0.1',
27 silly addNameRange     '2.0.2',
27 silly addNameRange     '2.1.0',
27 silly addNameRange     '2.1.1',
27 silly addNameRange     '3.0.0',
27 silly addNameRange     '3.0.1',
27 silly addNameRange     '3.1.0',
27 silly addNameRange     '3.1.1',
27 silly addNameRange     '3.1.2',
27 silly addNameRange     '3.1.3',
27 silly addNameRange     '3.1.4',
27 silly addNameRange     '3.2.0-beta1',
27 silly addNameRange     '3.2.0',
27 silly addNameRange     '3.3.0',
27 silly addNameRange     '3.3.1',
27 silly addNameRange     '3.3.2',
27 silly addNameRange     '4.0.0',
27 silly addNameRange     '4.0.1',
27 silly addNameRange     '4.0.3',
27 silly addNameRange     '4.0.4',
27 silly addNameRange     '4.1.0',
27 silly addNameRange     '4.2.0',
27 silly addNameRange     '4.2.1' ] ]
28 verbose addNamed [ 'should', '4.2.1' ]
29 verbose addNamed [ '4.2.1', '4.2.1' ]
30 silly lockFile 71fbfc6f-should-4-2-1 should@4.2.1
31 verbose lock should@4.2.1 /home/sancoder/.npm/71fbfc6f-should-4-2-1.lock
32 silly lockFile cc075d9f-pmjs-org-should-should-4-2-1-tgz https://registry.npmjs.org/should/-/should-4.2.1.tgz
33 verbose lock https://registry.npmjs.org/should/-/should-4.2.1.tgz /home/sancoder/.npm/cc075d9f-pmjs-org-should-should-4-2-1-tgz.lock
34 verbose addRemoteTarball [ 'https://registry.npmjs.org/should/-/should-4.2.1.tgz',
34 verbose addRemoteTarball   'd563429625d41e3079618167da29a3517217f846' ]
35 info retry fetch attempt 1 at 23:15:21
36 info attempt registry request try #1 at 23:15:21
37 http fetch GET https://registry.npmjs.org/should/-/should-4.2.1.tgz
38 http fetch 200 https://registry.npmjs.org/should/-/should-4.2.1.tgz
39 silly fetchAndShaCheck shasum d563429625d41e3079618167da29a3517217f846
40 silly lockFile cc075d9f-pmjs-org-should-should-4-2-1-tgz https://registry.npmjs.org/should/-/should-4.2.1.tgz
41 silly lockFile cc075d9f-pmjs-org-should-should-4-2-1-tgz https://registry.npmjs.org/should/-/should-4.2.1.tgz
42 silly lockFile 71fbfc6f-should-4-2-1 should@4.2.1
43 silly lockFile 71fbfc6f-should-4-2-1 should@4.2.1
44 silly lockFile 987f4939-should should@*
45 silly lockFile 987f4939-should should@*
46 silly resolved [ { name: 'should',
46 silly resolved     description: 'test framework agnostic BDD-style assertions',
46 silly resolved     version: '4.2.1',
46 silly resolved     author: { name: 'TJ Holowaychuk', email: 'tj@vision-media.ca' },
46 silly resolved     repository:
46 silly resolved      { type: 'git',
46 silly resolved        url: 'https://github.com/shouldjs/should.js.git' },
46 silly resolved     homepage: 'https://github.com/shouldjs/should.js',
46 silly resolved     scripts:
46 silly resolved      { test: 'gulp test',
46 silly resolved        zuul: 'zuul -- ./test/**/*.test.js ./test/*.test.js',
46 silly resolved        browser: 'gulp script' },
46 silly resolved     devDependencies:
46 silly resolved      { browserify: 'latest',
46 silly resolved        'mocha-better-spec-reporter': '1.1.1',
46 silly resolved        'gulp-mocha': '1.1.1',
46 silly resolved        'gulp-uglify': '1.0.1',
46 silly resolved        'gulp-util': '^2.2.14',
46 silly resolved        gulp: '^3.8.10',
46 silly resolved        'vinyl-source-stream2': '^0.1.1',
46 silly resolved        'gulp-load-plugins': '^0.5.1',
46 silly resolved        'gulp-rename': '^1.2.0',
46 silly resolved        'gulp-header': '^1.2.2',
46 silly resolved        mocha: 'latest',
46 silly resolved        zuul: 'latest' },
46 silly resolved     keywords: [ 'test', 'bdd', 'assert', 'should' ],
46 silly resolved     main: './lib/should.js',
46 silly resolved     license: 'MIT',
46 silly resolved     dependencies: { 'should-equal': '0.0.2', 'should-format': '0.0.2' },
46 silly resolved     gitHead: '63c28ff1bd8daf66aeab34e9c8dfd0057bca8c41',
46 silly resolved     bugs: { url: 'https://github.com/shouldjs/should.js/issues' },
46 silly resolved     _id: 'should@4.2.1',
46 silly resolved     _shasum: 'd563429625d41e3079618167da29a3517217f846',
46 silly resolved     _from: 'should@*',
46 silly resolved     _npmVersion: '2.0.2',
46 silly resolved     _nodeVersion: '0.10.31',
46 silly resolved     _npmUser: { name: 'btd', email: 'bardadymchik@gmail.com' },
46 silly resolved     maintainers: [ [Object], [Object], [Object], [Object] ],
46 silly resolved     dist:
46 silly resolved      { shasum: 'd563429625d41e3079618167da29a3517217f846',
46 silly resolved        tarball: 'http://registry.npmjs.org/should/-/should-4.2.1.tgz' },
46 silly resolved     directories: {},
46 silly resolved     _resolved: 'https://registry.npmjs.org/should/-/should-4.2.1.tgz' } ]
47 info install should@4.2.1 into /home/sancoder/.nvm/v0.11.14/lib
48 info installOne should@4.2.1
49 verbose lib/node_modules/should unbuild
50 verbose gentlyRm vacuuming /home/sancoder/.nvm/v0.11.14/lib/node_modules/should
51 verbose tar unpack /home/sancoder/.npm/should/4.2.1/package.tgz
52 silly lockFile d9f9fe34-v0-11-14-lib-node-modules-should tar:///home/sancoder/.nvm/v0.11.14/lib/node_modules/should
53 verbose lock tar:///home/sancoder/.nvm/v0.11.14/lib/node_modules/should /home/sancoder/.npm/d9f9fe34-v0-11-14-lib-node-modules-should.lock
54 silly lockFile 38285fa8-der-npm-should-4-2-1-package-tgz tar:///home/sancoder/.npm/should/4.2.1/package.tgz
55 verbose lock tar:///home/sancoder/.npm/should/4.2.1/package.tgz /home/sancoder/.npm/38285fa8-der-npm-should-4-2-1-package-tgz.lock
56 verbose gentlyRm vacuuming /home/sancoder/.nvm/v0.11.14/lib/node_modules/should
57 silly gunzTarPerm modes [ '755', '644' ]
58 verbose fstream_path /home/sancoder/.nvm/v0.11.14/lib/node_modules/should
59 verbose fstream_type Directory
60 verbose fstream_class DirWriter
61 verbose stack Error: EACCES, mkdir '/home/sancoder/.nvm/v0.11.14/lib/node_modules/should'
61 verbose stack     at Error (native)
62 verbose fstream_stack /home/sancoder/.nvm/v0.11.14/lib/node_modules/npm/node_modules/fstream/lib/dir-writer.js:36:23
62 verbose fstream_stack /home/sancoder/.nvm/v0.11.14/lib/node_modules/npm/node_modules/mkdirp/index.js:46:53
62 verbose fstream_stack Object.oncomplete (fs.js:93:15)
63 verbose cwd /home/sancoder/test/SrtFileToUTF8
64 error Linux 3.13.0-24-generic
65 error argv "/home/sancoder/.nvm/v0.11.14/bin/node" "/home/sancoder/.nvm/v0.11.14/bin/npm" "install" "-g" "should"
66 error node v0.11.14
67 error npm  v2.0.0
68 error path /home/sancoder/.nvm/v0.11.14/lib/node_modules/should
69 error code EACCES
70 error errno -13
71 error Error: EACCES, mkdir '/home/sancoder/.nvm/v0.11.14/lib/node_modules/should'
71 error     at Error (native)
71 error  { [Error: EACCES, mkdir '/home/sancoder/.nvm/v0.11.14/lib/node_modules/should']
71 error   stack: 'Error: EACCES, mkdir \'/home/sancoder/.nvm/v0.11.14/lib/node_modules/should\'\n    at Error (native)',
71 error   errno: -13,
71 error   code: 'EACCES',
71 error   path: '/home/sancoder/.nvm/v0.11.14/lib/node_modules/should',
71 error   fstream_type: 'Directory',
71 error   fstream_path: '/home/sancoder/.nvm/v0.11.14/lib/node_modules/should',
71 error   fstream_class: 'DirWriter',
71 error   fstream_stack:
71 error    [ '/home/sancoder/.nvm/v0.11.14/lib/node_modules/npm/node_modules/fstream/lib/dir-writer.js:36:23',
71 error      '/home/sancoder/.nvm/v0.11.14/lib/node_modules/npm/node_modules/mkdirp/index.js:46:53',
71 error      'Object.oncomplete (fs.js:93:15)' ] }
72 error Please try running this command again as root/Administrator.
73 verbose exit [ -13, true ]
